# JRE version: OpenJDK Runtime Environment (8.0_222-b10) (build 1.8.0_222-8u222-b10-1ubuntu1~16.04.1-b10)
# Java VM: OpenJDK 64-Bit Server VM (25.222-b10 mixed mode linux-amd64 compressed oops)
Heap:
 def new generation   total 107520K, used 0K [0x00000000c0000000, 0x00000000c74a0000, 0x00000000d5550000)
  eden space 95616K,   0% used [0x00000000c0000000, 0x00000000c0000000, 0x00000000c5d60000)
  from space 11904K,   0% used [0x00000000c5d60000, 0x00000000c5d60000, 0x00000000c6900000)
  to   space 11904K,   0% used [0x00000000c6900000, 0x00000000c6900000, 0x00000000c74a0000)
 tenured generation   total 255124K, used 175061K [0x00000000d5550000, 0x00000000e4e75000, 0x0000000100000000)
   the space 255124K,  68% used [0x00000000d5550000, 0x00000000e00454c8, 0x00000000e0045600, 0x00000000e4e75000)
 Metaspace       used 85598K, capacity 88471K, committed 88920K, reserved 1126400K
  class space    used 11922K, capacity 12311K, committed 12376K, reserved 1048576K
GC Heap History (10 events):
Event: 227.107 GC heap after
Heap after GC invocations=846 (full 18):
 def new generation   total 107520K, used 1240K [0x00000000c0000000, 0x00000000c74a0000, 0x00000000d5550000)
  eden space 95616K,   0% used [0x00000000c0000000, 0x00000000c0000000, 0x00000000c5d60000)
  from space 11904K,  10% used [0x00000000c6900000, 0x00000000c6a360e8, 0x00000000c74a0000)
  to   space 11904K,   0% used [0x00000000c5d60000, 0x00000000c5d60000, 0x00000000c6900000)
 tenured generation   total 238736K, used 208944K [0x00000000d5550000, 0x00000000e3e74000, 0x0000000100000000)
   the space 238736K,  87% used [0x00000000d5550000, 0x00000000e215c008, 0x00000000e215c200, 0x00000000e3e74000)
 Metaspace       used 85584K, capacity 88459K, committed 88920K, reserved 1126400K
  class space    used 11921K, capacity 12309K, committed 12376K, reserved 1048576K
}
Event: 227.349 GC heap before
{Heap before GC invocations=846 (full 18):
 def new generation   total 107520K, used 96856K [0x00000000c0000000, 0x00000000c74a0000, 0x00000000d5550000)
  eden space 95616K, 100% used [0x00000000c0000000, 0x00000000c5d60000, 0x00000000c5d60000)
  from space 11904K,  10% used [0x00000000c6900000, 0x00000000c6a360e8, 0x00000000c74a0000)
  to   space 11904K,   0% used [0x00000000c5d60000, 0x00000000c5d60000, 0x00000000c6900000)
 tenured generation   total 238736K, used 208944K [0x00000000d5550000, 0x00000000e3e74000, 0x0000000100000000)
   the space 238736K,  87% used [0x00000000d5550000, 0x00000000e215c008, 0x00000000e215c200, 0x00000000e3e74000)
 Metaspace       used 85584K, capacity 88459K, committed 88920K, reserved 1126400K
  class space    used 11921K, capacity 12309K, committed 12376K, reserved 1048576K
Event: 227.354 GC heap after
Heap after GC invocations=847 (full 18):
 def new generation   total 107520K, used 1416K [0x00000000c0000000, 0x00000000c74a0000, 0x00000000d5550000)
  eden space 95616K,   0% used [0x00000000c0000000, 0x00000000c0000000, 0x00000000c5d60000)
  from space 11904K,  11% used [0x00000000c5d60000, 0x00000000c5ec22d8, 0x00000000c6900000)
  to   space 11904K,   0% used [0x00000000c6900000, 0x00000000c6900000, 0x00000000c74a0000)
 tenured generation   total 238736K, used 208944K [0x00000000d5550000, 0x00000000e3e74000, 0x0000000100000000)
   the space 238736K,  87% used [0x00000000d5550000, 0x00000000e215c008, 0x00000000e215c200, 0x00000000e3e74000)
 Metaspace       used 85584K, capacity 88459K, committed 88920K, reserved 1126400K
  class space    used 11921K, capacity 12309K, committed 12376K, reserved 1048576K
}
Event: 227.629 GC heap before
{Heap before GC invocations=847 (full 18):
 def new generation   total 107520K, used 92257K [0x00000000c0000000, 0x00000000c74a0000, 0x00000000d5550000)
  eden space 95616K,  95% used [0x00000000c0000000, 0x00000000c58b6238, 0x00000000c5d60000)
  from space 11904K,  11% used [0x00000000c5d60000, 0x00000000c5ec22d8, 0x00000000c6900000)
  to   space 11904K,   0% used [0x00000000c6900000, 0x00000000c6900000, 0x00000000c74a0000)
 tenured generation   total 238736K, used 208944K [0x00000000d5550000, 0x00000000e3e74000, 0x0000000100000000)
   the space 238736K,  87% used [0x00000000d5550000, 0x00000000e215c008, 0x00000000e215c200, 0x00000000e3e74000)
 Metaspace       used 85584K, capacity 88459K, committed 88920K, reserved 1126400K
  class space    used 11921K, capacity 12309K, committed 12376K, reserved 1048576K
Event: 227.636 GC heap after
Heap after GC invocations=848 (full 18):
 def new generation   total 107520K, used 7293K [0x00000000c0000000, 0x00000000c74a0000, 0x00000000d5550000)
  eden space 95616K,   0% used [0x00000000c0000000, 0x00000000c0000000, 0x00000000c5d60000)
  from space 11904K,  61% used [0x00000000c6900000, 0x00000000c701f428, 0x00000000c74a0000)
  to   space 11904K,   0% used [0x00000000c5d60000, 0x00000000c5d60000, 0x00000000c6900000)
 tenured generation   total 238736K, used 208944K [0x00000000d5550000, 0x00000000e3e74000, 0x0000000100000000)
   the space 238736K,  87% used [0x00000000d5550000, 0x00000000e215c008, 0x00000000e215c200, 0x00000000e3e74000)
 Metaspace       used 85584K, capacity 88459K, committed 88920K, reserved 1126400K
  class space    used 11921K, capacity 12309K, committed 12376K, reserved 1048576K
}
Event: 227.861 GC heap before
{Heap before GC invocations=848 (full 18):
 def new generation   total 107520K, used 102909K [0x00000000c0000000, 0x00000000c74a0000, 0x00000000d5550000)
  eden space 95616K, 100% used [0x00000000c0000000, 0x00000000c5d60000, 0x00000000c5d60000)
  from space 11904K,  61% used [0x00000000c6900000, 0x00000000c701f428, 0x00000000c74a0000)
  to   space 11904K,   0% used [0x00000000c5d60000, 0x00000000c5d60000, 0x00000000c6900000)
 tenured generation   total 238736K, used 208944K [0x00000000d5550000, 0x00000000e3e74000, 0x0000000100000000)
   the space 238736K,  87% used [0x00000000d5550000, 0x00000000e215c008, 0x00000000e215c200, 0x00000000e3e74000)
 Metaspace       used 85588K, capacity 88465K, committed 88920K, reserved 1126400K
  class space    used 11922K, capacity 12310K, committed 12376K, reserved 1048576K
Event: 227.880 GC heap after
Heap after GC invocations=849 (full 18):
 def new generation   total 107520K, used 11897K [0x00000000c0000000, 0x00000000c74a0000, 0x00000000d5550000)
  eden space 95616K,   0% used [0x00000000c0000000, 0x00000000c0000000, 0x00000000c5d60000)
  from space 11904K,  99% used [0x00000000c5d60000, 0x00000000c68fe6c8, 0x00000000c6900000)
  to   space 11904K,   0% used [0x00000000c6900000, 0x00000000c6900000, 0x00000000c74a0000)
 tenured generation   total 238736K, used 211162K [0x00000000d5550000, 0x00000000e3e74000, 0x0000000100000000)
   the space 238736K,  88% used [0x00000000d5550000, 0x00000000e2386b10, 0x00000000e2386c00, 0x00000000e3e74000)
 Metaspace       used 85588K, capacity 88465K, committed 88920K, reserved 1126400K
  class space    used 11922K, capacity 12310K, committed 12376K, reserved 1048576K
}
Event: 228.118 GC heap before
{Heap before GC invocations=849 (full 18):
 def new generation   total 107520K, used 104795K [0x00000000c0000000, 0x00000000c74a0000, 0x00000000d5550000)
  eden space 95616K,  97% used [0x00000000c0000000, 0x00000000c5ab8550, 0x00000000c5d60000)
  from space 11904K,  99% used [0x00000000c5d60000, 0x00000000c68fe6c8, 0x00000000c6900000)
  to   space 11904K,   0% used [0x00000000c6900000, 0x00000000c6900000, 0x00000000c74a0000)
 tenured generation   total 238736K, used 211162K [0x00000000d5550000, 0x00000000e3e74000, 0x0000000100000000)
   the space 238736K,  88% used [0x00000000d5550000, 0x00000000e2386b10, 0x00000000e2386c00, 0x00000000e3e74000)
 Metaspace       used 85597K, capacity 88471K, committed 88920K, reserved 1126400K
  class space    used 11922K, capacity 12311K, committed 12376K, reserved 1048576K
Event: 228.127 GC heap after
Heap after GC invocations=850 (full 18):
 def new generation   total 107520K, used 4338K [0x00000000c0000000, 0x00000000c74a0000, 0x00000000d5550000)
  eden space 95616K,   0% used [0x00000000c0000000, 0x00000000c0000000, 0x00000000c5d60000)
  from space 11904K,  36% used [0x00000000c6900000, 0x00000000c6d3ca98, 0x00000000c74a0000)
  to   space 11904K,   0% used [0x00000000c5d60000, 0x00000000c5d60000, 0x00000000c6900000)
 tenured generation   total 238736K, used 233342K [0x00000000d5550000, 0x00000000e3e74000, 0x0000000100000000)
   the space 238736K,  97% used [0x00000000d5550000, 0x00000000e392fae8, 0x00000000e392fc00, 0x00000000e3e74000)
 Metaspace       used 85597K, capacity 88471K, committed 88920K, reserved 1126400K
  class space    used 11922K, capacity 12311K, committed 12376K, reserved 1048576K
}
Event: 228.280 GC heap before
{Heap before GC invocations=850 (full 18):
 def new generation   total 107520K, used 99954K [0x00000000c0000000, 0x00000000c74a0000, 0x00000000d5550000)
  eden space 95616K, 100% used [0x00000000c0000000, 0x00000000c5d60000, 0x00000000c5d60000)
  from space 11904K,  36% used [0x00000000c6900000, 0x00000000c6d3ca98, 0x00000000c74a0000)
  to   space 11904K,   0% used [0x00000000c5d60000, 0x00000000c5d60000, 0x00000000c6900000)
 tenured generation   total 238736K, used 233342K [0x00000000d5550000, 0x00000000e3e74000, 0x0000000100000000)
   the space 238736K,  97% used [0x00000000d5550000, 0x00000000e392fae8, 0x00000000e392fc00, 0x00000000e3e74000)
 Metaspace       used 85598K, capacity 88471K, committed 88920K, reserved 1126400K
  class space    used 11922K, capacity 12311K, committed 12376K, reserved 1048576K

