# JRE version: OpenJDK Runtime Environment (8.0_222-b10) (build 1.8.0_222-8u222-b10-1ubuntu1~16.04.1-b10)
# Java VM: OpenJDK 64-Bit Server VM (25.222-b10 mixed mode linux-amd64 compressed oops)
Heap:
 def new generation   total 110656K, used 100394K [0x00000000c0000000, 0x00000000c7810000, 0x00000000d5550000)
  eden space 98368K, 100% used [0x00000000c0000000, 0x00000000c6010000, 0x00000000c6010000)
  from space 12288K,  16% used [0x00000000c6c10000, 0x00000000c6e0a868, 0x00000000c7810000)
  to   space 12288K, 100% used [0x00000000c6010000, 0x00000000c6c10000, 0x00000000c6c10000)
 tenured generation   total 245768K, used 245767K [0x00000000d5550000, 0x00000000e4552000, 0x0000000100000000)
   the space 245768K,  99% used [0x00000000d5550000, 0x00000000e4551ff8, 0x00000000e4552000, 0x00000000e4552000)
 Metaspace       used 92748K, capacity 96097K, committed 97496K, reserved 1134592K
  class space    used 12396K, capacity 12725K, committed 13016K, reserved 1048576K
GC Heap History (10 events):
Event: 3918.765 GC heap after
Heap after GC invocations=962 (full 21):
 def new generation   total 110656K, used 12016K [0x00000000c0000000, 0x00000000c7810000, 0x00000000d5550000)
  eden space 98368K,   0% used [0x00000000c0000000, 0x00000000c0000000, 0x00000000c6010000)
  from space 12288K,  97% used [0x00000000c6c10000, 0x00000000c77cc278, 0x00000000c7810000)
  to   space 12288K,   0% used [0x00000000c6010000, 0x00000000c6010000, 0x00000000c6c10000)
 tenured generation   total 245768K, used 226737K [0x00000000d5550000, 0x00000000e4552000, 0x0000000100000000)
   the space 245768K,  92% used [0x00000000d5550000, 0x00000000e32bc450, 0x00000000e32bc600, 0x00000000e4552000)
 Metaspace       used 92744K, capacity 96091K, committed 97496K, reserved 1134592K
  class space    used 12396K, capacity 12724K, committed 13016K, reserved 1048576K
}
Event: 3918.828 GC heap before
{Heap before GC invocations=962 (full 21):
 def new generation   total 110656K, used 110384K [0x00000000c0000000, 0x00000000c7810000, 0x00000000d5550000)
  eden space 98368K, 100% used [0x00000000c0000000, 0x00000000c6010000, 0x00000000c6010000)
  from space 12288K,  97% used [0x00000000c6c10000, 0x00000000c77cc278, 0x00000000c7810000)
  to   space 12288K,   0% used [0x00000000c6010000, 0x00000000c6010000, 0x00000000c6c10000)
 tenured generation   total 245768K, used 226737K [0x00000000d5550000, 0x00000000e4552000, 0x0000000100000000)
   the space 245768K,  92% used [0x00000000d5550000, 0x00000000e32bc450, 0x00000000e32bc600, 0x00000000e4552000)
 Metaspace       used 92744K, capacity 96091K, committed 97496K, reserved 1134592K
  class space    used 12396K, capacity 12724K, committed 13016K, reserved 1048576K
Event: 3918.885 GC heap after
Heap after GC invocations=963 (full 21):
 def new generation   total 110656K, used 192K [0x00000000c0000000, 0x00000000c7810000, 0x00000000d5550000)
  eden space 98368K,   0% used [0x00000000c0000000, 0x00000000c0000000, 0x00000000c6010000)
  from space 12288K,   1% used [0x00000000c6010000, 0x00000000c6040368, 0x00000000c6c10000)
  to   space 12288K,   0% used [0x00000000c6c10000, 0x00000000c6c10000, 0x00000000c7810000)
 tenured generation   total 245768K, used 238748K [0x00000000d5550000, 0x00000000e4552000, 0x0000000100000000)
   the space 245768K,  97% used [0x00000000d5550000, 0x00000000e3e770b8, 0x00000000e3e77200, 0x00000000e4552000)
 Metaspace       used 92744K, capacity 96091K, committed 97496K, reserved 1134592K
  class space    used 12396K, capacity 12724K, committed 13016K, reserved 1048576K
}
Event: 3919.014 GC heap before
{Heap before GC invocations=963 (full 21):
 def new generation   total 110656K, used 98560K [0x00000000c0000000, 0x00000000c7810000, 0x00000000d5550000)
  eden space 98368K, 100% used [0x00000000c0000000, 0x00000000c6010000, 0x00000000c6010000)
  from space 12288K,   1% used [0x00000000c6010000, 0x00000000c6040368, 0x00000000c6c10000)
  to   space 12288K,   0% used [0x00000000c6c10000, 0x00000000c6c10000, 0x00000000c7810000)
 tenured generation   total 245768K, used 238748K [0x00000000d5550000, 0x00000000e4552000, 0x0000000100000000)
   the space 245768K,  97% used [0x00000000d5550000, 0x00000000e3e770b8, 0x00000000e3e77200, 0x00000000e4552000)
 Metaspace       used 92744K, capacity 96091K, committed 97496K, reserved 1134592K
  class space    used 12396K, capacity 12724K, committed 13016K, reserved 1048576K
Event: 3919.043 GC heap after
Heap after GC invocations=964 (full 21):
 def new generation   total 110656K, used 364K [0x00000000c0000000, 0x00000000c7810000, 0x00000000d5550000)
  eden space 98368K,   0% used [0x00000000c0000000, 0x00000000c0000000, 0x00000000c6010000)
  from space 12288K,   2% used [0x00000000c6c10000, 0x00000000c6c6b380, 0x00000000c7810000)
  to   space 12288K,   0% used [0x00000000c6010000, 0x00000000c6010000, 0x00000000c6c10000)
 tenured generation   total 245768K, used 238748K [0x00000000d5550000, 0x00000000e4552000, 0x0000000100000000)
   the space 245768K,  97% used [0x00000000d5550000, 0x00000000e3e770b8, 0x00000000e3e77200, 0x00000000e4552000)
 Metaspace       used 92744K, capacity 96091K, committed 97496K, reserved 1134592K
  class space    used 12396K, capacity 12724K, committed 13016K, reserved 1048576K
}
Event: 3919.190 GC heap before
{Heap before GC invocations=964 (full 21):
 def new generation   total 110656K, used 98732K [0x00000000c0000000, 0x00000000c7810000, 0x00000000d5550000)
  eden space 98368K, 100% used [0x00000000c0000000, 0x00000000c6010000, 0x00000000c6010000)
  from space 12288K,   2% used [0x00000000c6c10000, 0x00000000c6c6b380, 0x00000000c7810000)
  to   space 12288K,   0% used [0x00000000c6010000, 0x00000000c6010000, 0x00000000c6c10000)
 tenured generation   total 245768K, used 238748K [0x00000000d5550000, 0x00000000e4552000, 0x0000000100000000)
   the space 245768K,  97% used [0x00000000d5550000, 0x00000000e3e770b8, 0x00000000e3e77200, 0x00000000e4552000)
 Metaspace       used 92744K, capacity 96091K, committed 97496K, reserved 1134592K
  class space    used 12396K, capacity 12724K, committed 13016K, reserved 1048576K
Event: 3919.211 GC heap after
Heap after GC invocations=965 (full 21):
 def new generation   total 110656K, used 551K [0x00000000c0000000, 0x00000000c7810000, 0x00000000d5550000)
  eden space 98368K,   0% used [0x00000000c0000000, 0x00000000c0000000, 0x00000000c6010000)
  from space 12288K,   4% used [0x00000000c6010000, 0x00000000c6099fd0, 0x00000000c6c10000)
  to   space 12288K,   0% used [0x00000000c6c10000, 0x00000000c6c10000, 0x00000000c7810000)
 tenured generation   total 245768K, used 238748K [0x00000000d5550000, 0x00000000e4552000, 0x0000000100000000)
   the space 245768K,  97% used [0x00000000d5550000, 0x00000000e3e770b8, 0x00000000e3e77200, 0x00000000e4552000)
 Metaspace       used 92744K, capacity 96091K, committed 97496K, reserved 1134592K
  class space    used 12396K, capacity 12724K, committed 13016K, reserved 1048576K
}
Event: 3919.414 GC heap before
{Heap before GC invocations=965 (full 21):
 def new generation   total 110656K, used 98919K [0x00000000c0000000, 0x00000000c7810000, 0x00000000d5550000)
  eden space 98368K, 100% used [0x00000000c0000000, 0x00000000c6010000, 0x00000000c6010000)
  from space 12288K,   4% used [0x00000000c6010000, 0x00000000c6099fd0, 0x00000000c6c10000)
  to   space 12288K,   0% used [0x00000000c6c10000, 0x00000000c6c10000, 0x00000000c7810000)
 tenured generation   total 245768K, used 238748K [0x00000000d5550000, 0x00000000e4552000, 0x0000000100000000)
   the space 245768K,  97% used [0x00000000d5550000, 0x00000000e3e770b8, 0x00000000e3e77200, 0x00000000e4552000)
 Metaspace       used 92744K, capacity 96091K, committed 97496K, reserved 1134592K
  class space    used 12396K, capacity 12724K, committed 13016K, reserved 1048576K
Event: 3919.597 GC heap after
Heap after GC invocations=966 (full 21):
 def new generation   total 110656K, used 2026K [0x00000000c0000000, 0x00000000c7810000, 0x00000000d5550000)
  eden space 98368K,   0% used [0x00000000c0000000, 0x00000000c0000000, 0x00000000c6010000)
  from space 12288K,  16% used [0x00000000c6c10000, 0x00000000c6e0a868, 0x00000000c7810000)
  to   space 12288K,   0% used [0x00000000c6010000, 0x00000000c6010000, 0x00000000c6c10000)
 tenured generation   total 245768K, used 238748K [0x00000000d5550000, 0x00000000e4552000, 0x0000000100000000)
   the space 245768K,  97% used [0x00000000d5550000, 0x00000000e3e770b8, 0x00000000e3e77200, 0x00000000e4552000)
 Metaspace       used 92744K, capacity 96091K, committed 97496K, reserved 1134592K
  class space    used 12396K, capacity 12724K, committed 13016K, reserved 1048576K
}
Event: 3924.215 GC heap before
{Heap before GC invocations=966 (full 21):
 def new generation   total 110656K, used 100394K [0x00000000c0000000, 0x00000000c7810000, 0x00000000d5550000)
  eden space 98368K, 100% used [0x00000000c0000000, 0x00000000c6010000, 0x00000000c6010000)
  from space 12288K,  16% used [0x00000000c6c10000, 0x00000000c6e0a868, 0x00000000c7810000)
  to   space 12288K,   0% used [0x00000000c6010000, 0x00000000c6010000, 0x00000000c6c10000)
 tenured generation   total 245768K, used 238748K [0x00000000d5550000, 0x00000000e4552000, 0x0000000100000000)
   the space 245768K,  97% used [0x00000000d5550000, 0x00000000e3e770b8, 0x00000000e3e77200, 0x00000000e4552000)
 Metaspace       used 92748K, capacity 96097K, committed 97496K, reserved 1134592K
  class space    used 12396K, capacity 12725K, committed 13016K, reserved 1048576K

