# JRE version: OpenJDK Runtime Environment (8.0_222-b10) (build 1.8.0_222-8u222-b10-1ubuntu1~16.04.1-b10)
# Java VM: OpenJDK 64-Bit Server VM (25.222-b10 mixed mode linux-amd64 compressed oops)
Heap:
 def new generation   total 87424K, used 0K [0x00000000c0000000, 0x00000000c5ed0000, 0x00000000d5550000)
  eden space 77760K,   0% used [0x00000000c0000000, 0x00000000c0000000, 0x00000000c4bf0000)
  from space 9664K,   0% used [0x00000000c4bf0000, 0x00000000c4bf0000, 0x00000000c5560000)
  to   space 9664K,   0% used [0x00000000c5560000, 0x00000000c5560000, 0x00000000c5ed0000)
 tenured generation   total 199796K, used 144301K [0x00000000d5550000, 0x00000000e186d000, 0x0000000100000000)
   the space 199796K,  72% used [0x00000000d5550000, 0x00000000de23b688, 0x00000000de23b800, 0x00000000e186d000)
 Metaspace       used 91661K, capacity 94424K, committed 94936K, reserved 1132544K
  class space    used 12225K, capacity 12574K, committed 12760K, reserved 1048576K
GC Heap History (10 events):
Event: 16274.587 GC heap after
Heap after GC invocations=1129 (full 26):
 def new generation   total 87424K, used 3604K [0x00000000c0000000, 0x00000000c5ed0000, 0x00000000d5550000)
  eden space 77760K,   0% used [0x00000000c0000000, 0x00000000c0000000, 0x00000000c4bf0000)
  from space 9664K,  37% used [0x00000000c5560000, 0x00000000c58e5090, 0x00000000c5ed0000)
  to   space 9664K,   0% used [0x00000000c4bf0000, 0x00000000c4bf0000, 0x00000000c5560000)
 tenured generation   total 194096K, used 185505K [0x00000000d5550000, 0x00000000e12dc000, 0x0000000100000000)
   the space 194096K,  95% used [0x00000000d5550000, 0x00000000e0a784f0, 0x00000000e0a78600, 0x00000000e12dc000)
 Metaspace       used 91655K, capacity 94418K, committed 94936K, reserved 1132544K
  class space    used 12225K, capacity 12573K, committed 12760K, reserved 1048576K
}
Event: 16274.707 GC heap before
{Heap before GC invocations=1129 (full 26):
 def new generation   total 87424K, used 79351K [0x00000000c0000000, 0x00000000c5ed0000, 0x00000000d5550000)
  eden space 77760K,  97% used [0x00000000c0000000, 0x00000000c49f8b98, 0x00000000c4bf0000)
  from space 9664K,  37% used [0x00000000c5560000, 0x00000000c58e5090, 0x00000000c5ed0000)
  to   space 9664K,   0% used [0x00000000c4bf0000, 0x00000000c4bf0000, 0x00000000c5560000)
 tenured generation   total 194096K, used 185505K [0x00000000d5550000, 0x00000000e12dc000, 0x0000000100000000)
   the space 194096K,  95% used [0x00000000d5550000, 0x00000000e0a784f0, 0x00000000e0a78600, 0x00000000e12dc000)
 Metaspace       used 91655K, capacity 94418K, committed 94936K, reserved 1132544K
  class space    used 12225K, capacity 12573K, committed 12760K, reserved 1048576K
Event: 16274.718 GC heap after
Heap after GC invocations=1130 (full 26):
 def new generation   total 87424K, used 3778K [0x00000000c0000000, 0x00000000c5ed0000, 0x00000000d5550000)
  eden space 77760K,   0% used [0x00000000c0000000, 0x00000000c0000000, 0x00000000c4bf0000)
  from space 9664K,  39% used [0x00000000c4bf0000, 0x00000000c4fa0b58, 0x00000000c5560000)
  to   space 9664K,   0% used [0x00000000c5560000, 0x00000000c5560000, 0x00000000c5ed0000)
 tenured generation   total 194096K, used 185505K [0x00000000d5550000, 0x00000000e12dc000, 0x0000000100000000)
   the space 194096K,  95% used [0x00000000d5550000, 0x00000000e0a784f0, 0x00000000e0a78600, 0x00000000e12dc000)
 Metaspace       used 91655K, capacity 94418K, committed 94936K, reserved 1132544K
  class space    used 12225K, capacity 12573K, committed 12760K, reserved 1048576K
}
Event: 16274.826 GC heap before
{Heap before GC invocations=1130 (full 26):
 def new generation   total 87424K, used 78435K [0x00000000c0000000, 0x00000000c5ed0000, 0x00000000d5550000)
  eden space 77760K,  96% used [0x00000000c0000000, 0x00000000c48e8298, 0x00000000c4bf0000)
  from space 9664K,  39% used [0x00000000c4bf0000, 0x00000000c4fa0b58, 0x00000000c5560000)
  to   space 9664K,   0% used [0x00000000c5560000, 0x00000000c5560000, 0x00000000c5ed0000)
 tenured generation   total 194096K, used 185505K [0x00000000d5550000, 0x00000000e12dc000, 0x0000000100000000)
   the space 194096K,  95% used [0x00000000d5550000, 0x00000000e0a784f0, 0x00000000e0a78600, 0x00000000e12dc000)
 Metaspace       used 91655K, capacity 94418K, committed 94936K, reserved 1132544K
  class space    used 12225K, capacity 12573K, committed 12760K, reserved 1048576K
Event: 16274.833 GC heap after
Heap after GC invocations=1131 (full 26):
 def new generation   total 87424K, used 3870K [0x00000000c0000000, 0x00000000c5ed0000, 0x00000000d5550000)
  eden space 77760K,   0% used [0x00000000c0000000, 0x00000000c0000000, 0x00000000c4bf0000)
  from space 9664K,  40% used [0x00000000c5560000, 0x00000000c5927af0, 0x00000000c5ed0000)
  to   space 9664K,   0% used [0x00000000c4bf0000, 0x00000000c4bf0000, 0x00000000c5560000)
 tenured generation   total 194096K, used 185505K [0x00000000d5550000, 0x00000000e12dc000, 0x0000000100000000)
   the space 194096K,  95% used [0x00000000d5550000, 0x00000000e0a784f0, 0x00000000e0a78600, 0x00000000e12dc000)
 Metaspace       used 91655K, capacity 94418K, committed 94936K, reserved 1132544K
  class space    used 12225K, capacity 12573K, committed 12760K, reserved 1048576K
}
Event: 16275.135 GC heap before
{Heap before GC invocations=1131 (full 26):
 def new generation   total 87424K, used 81630K [0x00000000c0000000, 0x00000000c5ed0000, 0x00000000d5550000)
  eden space 77760K, 100% used [0x00000000c0000000, 0x00000000c4bf0000, 0x00000000c4bf0000)
  from space 9664K,  40% used [0x00000000c5560000, 0x00000000c5927af0, 0x00000000c5ed0000)
  to   space 9664K,   0% used [0x00000000c4bf0000, 0x00000000c4bf0000, 0x00000000c5560000)
 tenured generation   total 194096K, used 185505K [0x00000000d5550000, 0x00000000e12dc000, 0x0000000100000000)
   the space 194096K,  95% used [0x00000000d5550000, 0x00000000e0a784f0, 0x00000000e0a78600, 0x00000000e12dc000)
 Metaspace       used 91658K, capacity 94418K, committed 94936K, reserved 1132544K
  class space    used 12225K, capacity 12573K, committed 12760K, reserved 1048576K
Event: 16275.143 GC heap after
Heap after GC invocations=1132 (full 26):
 def new generation   total 87424K, used 3072K [0x00000000c0000000, 0x00000000c5ed0000, 0x00000000d5550000)
  eden space 77760K,   0% used [0x00000000c0000000, 0x00000000c0000000, 0x00000000c4bf0000)
  from space 9664K,  31% used [0x00000000c4bf0000, 0x00000000c4ef0120, 0x00000000c5560000)
  to   space 9664K,   0% used [0x00000000c5560000, 0x00000000c5560000, 0x00000000c5ed0000)
 tenured generation   total 194096K, used 185505K [0x00000000d5550000, 0x00000000e12dc000, 0x0000000100000000)
   the space 194096K,  95% used [0x00000000d5550000, 0x00000000e0a784f0, 0x00000000e0a78600, 0x00000000e12dc000)
 Metaspace       used 91658K, capacity 94418K, committed 94936K, reserved 1132544K
  class space    used 12225K, capacity 12573K, committed 12760K, reserved 1048576K
}
Event: 16275.354 GC heap before
{Heap before GC invocations=1132 (full 26):
 def new generation   total 87424K, used 80832K [0x00000000c0000000, 0x00000000c5ed0000, 0x00000000d5550000)
  eden space 77760K, 100% used [0x00000000c0000000, 0x00000000c4bf0000, 0x00000000c4bf0000)
  from space 9664K,  31% used [0x00000000c4bf0000, 0x00000000c4ef0120, 0x00000000c5560000)
  to   space 9664K,   0% used [0x00000000c5560000, 0x00000000c5560000, 0x00000000c5ed0000)
 tenured generation   total 194096K, used 185505K [0x00000000d5550000, 0x00000000e12dc000, 0x0000000100000000)
   the space 194096K,  95% used [0x00000000d5550000, 0x00000000e0a784f0, 0x00000000e0a78600, 0x00000000e12dc000)
 Metaspace       used 91661K, capacity 94424K, committed 94936K, reserved 1132544K
  class space    used 12225K, capacity 12574K, committed 12760K, reserved 1048576K
Event: 16275.362 GC heap after
Heap after GC invocations=1133 (full 26):
 def new generation   total 87424K, used 4339K [0x00000000c0000000, 0x00000000c5ed0000, 0x00000000d5550000)
  eden space 77760K,   0% used [0x00000000c0000000, 0x00000000c0000000, 0x00000000c4bf0000)
  from space 9664K,  44% used [0x00000000c5560000, 0x00000000c599cfb0, 0x00000000c5ed0000)
  to   space 9664K,   0% used [0x00000000c4bf0000, 0x00000000c4bf0000, 0x00000000c5560000)
 tenured generation   total 194096K, used 185505K [0x00000000d5550000, 0x00000000e12dc000, 0x0000000100000000)
   the space 194096K,  95% used [0x00000000d5550000, 0x00000000e0a784f0, 0x00000000e0a78600, 0x00000000e12dc000)
 Metaspace       used 91661K, capacity 94424K, committed 94936K, reserved 1132544K
  class space    used 12225K, capacity 12574K, committed 12760K, reserved 1048576K
}
Event: 16275.483 GC heap before
{Heap before GC invocations=1133 (full 26):
 def new generation   total 87424K, used 82099K [0x00000000c0000000, 0x00000000c5ed0000, 0x00000000d5550000)
  eden space 77760K, 100% used [0x00000000c0000000, 0x00000000c4bf0000, 0x00000000c4bf0000)
  from space 9664K,  44% used [0x00000000c5560000, 0x00000000c599cfb0, 0x00000000c5ed0000)
  to   space 9664K,   0% used [0x00000000c4bf0000, 0x00000000c4bf0000, 0x00000000c5560000)
 tenured generation   total 194096K, used 185505K [0x00000000d5550000, 0x00000000e12dc000, 0x0000000100000000)
   the space 194096K,  95% used [0x00000000d5550000, 0x00000000e0a784f0, 0x00000000e0a78600, 0x00000000e12dc000)
 Metaspace       used 91661K, capacity 94424K, committed 94936K, reserved 1132544K
  class space    used 12225K, capacity 12574K, committed 12760K, reserved 1048576K

